G:\FINALLY\FINALLY\DEBUG\GEOPOLYLINE.OBJ
G:\FINALLY\FINALLY\DEBUG\GEOPOLYGON.OBJ
G:\FINALLY\FINALLY\DEBUG\GEOPOINT.OBJ
G:\FINALLY\FINALLY\DEBUG\GEOOBJECT.OBJ
G:\FINALLY\FINALLY\DEBUG\GEOMAP.OBJ
G:\FINALLY\FINALLY\DEBUG\GEOLAYER.OBJ
G:\FINALLY\FINALLY\DEBUG\GEOJSONTOOL.OBJ
G:\FINALLY\FINALLY\DEBUG\MOC_XGRADIENTSLIDER.OBJ
G:\FINALLY\FINALLY\DEBUG\MOC_XCOLORSQUARE.OBJ
G:\FINALLY\FINALLY\DEBUG\MOC_XCOLORMASTER.OBJ
G:\FINALLY\FINALLY\DEBUG\MOC_XCOLORDIALOG.OBJ
G:\FINALLY\FINALLY\DEBUG\MOC_MYWIZARD.OBJ
G:\FINALLY\FINALLY\DEBUG\MOC_MYTREEWIDGET.OBJ
G:\FINALLY\FINALLY\DEBUG\MOC_MYGLWIDGET.OBJ
G:\FINALLY\FINALLY\DEBUG\MOC_MYCLASS.OBJ
G:\FINALLY\FINALLY\DEBUG\MOC_DIALOG.OBJ
G:\FINALLY\FINALLY\DEBUG\GDALTOOL.OBJ
G:\FINALLY\FINALLY\DEBUG\DIALOG.OBJ
G:\FINALLY\FINALLY\DEBUG\CONNECT_SQL.OBJ
G:\FINALLY\FINALLY\DEBUG\XGRADIENTSLIDER.OBJ
G:\FINALLY\FINALLY\DEBUG\XCOLORSQUARE.OBJ
G:\FINALLY\FINALLY\DEBUG\XCOLORPREVIEW.OBJ
G:\FINALLY\FINALLY\DEBUG\XCOLORMASTER.OBJ
G:\FINALLY\FINALLY\DEBUG\XCOLORDIALOG.OBJ
G:\FINALLY\FINALLY\DEBUG\TRIANGULATEUTIL.OBJ
G:\FINALLY\FINALLY\DEBUG\MYXMLREADER.OBJ
G:\FINALLY\FINALLY\DEBUG\MYWIZARD.OBJ
G:\FINALLY\FINALLY\DEBUG\MYTREEWIDGET.OBJ
G:\FINALLY\FINALLY\DEBUG\MYPOLYGONUTIL.OBJ
G:\FINALLY\FINALLY\DEBUG\MYGLWIDGET.OBJ
G:\FINALLY\FINALLY\DEBUG\MYCLASS.OBJ
G:\FINALLY\FINALLY\DEBUG\MAIN.OBJ
G:\FINALLY\FINALLY\DEBUG\GPC.OBJ
G:\FINALLY\FINALLY\DEBUG\MOC_XCOLORPREVIEW.OBJ
G:\FINALLY\FINALLY\DEBUG\QSSUTIL.OBJ
G:\FINALLY\FINALLY\DEBUG\QRC_MYCLASS.OBJ
G:\FINALLY\FINALLY\DEBUG\MYTITLEBAR.OBJ
G:\FINALLY\FINALLY\DEBUG\MOC_MYTITLEBAR.OBJ
G:\FINALLY\FINALLY\DEBUG\MOC_BASEWINDOW.OBJ
G:\FINALLY\FINALLY\DEBUG\BASEWINDOW.OBJ
G:\FINALLY\FINALLY\DEBUG\TITLE_BAR.OBJ
G:\FINALLY\FINALLY\DEBUG\MOC_TITLE_BAR.OBJ
G:\FINALLY\FINALLY\DEBUG\QRC_STYLE.OBJ
G:\FINALLY\FINALLY\GENERATEDFILES\DEBUG\MOC_XCOLORPREVIEW.CPP
G:\FINALLY\FINALLY\GENERATEDFILES\DEBUG\MOC_XCOLORSQUARE.CPP
G:\FINALLY\FINALLY\GENERATEDFILES\DEBUG\MOC_DIALOG.CPP
G:\FINALLY\FINALLY\GENERATEDFILES\DEBUG\MOC_XGRADIENTSLIDER.CPP
G:\FINALLY\FINALLY\GENERATEDFILES\DEBUG\MOC_XCOLORMASTER.CPP
G:\FINALLY\FINALLY\GENERATEDFILES\DEBUG\MOC_MYWIZARD.CPP
G:\FINALLY\FINALLY\GENERATEDFILES\QRC_MYCLASS.CPP
G:\FINALLY\FINALLY\GENERATEDFILES\DEBUG\MOC_MYGLWIDGET.CPP
G:\FINALLY\FINALLY\GENERATEDFILES\DEBUG\MOC_MYTREEWIDGET.CPP
G:\FINALLY\FINALLY\GENERATEDFILES\DEBUG\MOC_MYCLASS.CPP
G:\FINALLY\FINALLY\GENERATEDFILES\UI_MYGLWIDGET.H
G:\FINALLY\FINALLY\GENERATEDFILES\UI_MYCLASS.H
G:\FINALLY\FINALLY\GENERATEDFILES\UI_MYTREEWIDGET.H
G:\FINALLY\FINALLY\GENERATEDFILES\UI_MYWIZARD.H
G:\FINALLY\FINALLY\GENERATEDFILES\UI_DIALOG.H
G:\FINALLY\FINALLY\GENERATEDFILES\DEBUG\MOC_XCOLORDIALOG.CPP
G:\FINALLY\FINALLY\GENERATEDFILES\QRC_STYLE.CPP
G:\finally\Win32\Debug\finally.lib
G:\finally\Win32\Debug\finally.exp
G:\FINALLY\FINALLY\DEBUG\FINALLY.RES
G:\finally\finally\Debug\BaseWindow.obj
G:\finally\finally\Debug\Connect_Sql.obj
G:\finally\finally\Debug\dialog.obj
G:\finally\finally\Debug\GdalTool.obj
G:\finally\finally\Debug\GeoJsonTool.obj
G:\finally\finally\Debug\GeoLayer.obj
G:\finally\finally\Debug\GeoMap.obj
G:\finally\finally\Debug\GeoObject.obj
G:\finally\finally\Debug\GeoPoint.obj
G:\finally\finally\Debug\GeoPolygon.obj
G:\finally\finally\Debug\GeoPolyline.obj
G:\finally\finally\Debug\gpc.obj
G:\finally\finally\Debug\GpcUtil.obj
G:\finally\finally\Debug\main.obj
G:\finally\finally\Debug\moc_BaseWindow.obj
G:\finally\finally\Debug\moc_dialog.obj
G:\finally\finally\Debug\moc_myclass.obj
G:\finally\finally\Debug\moc_MyGLWidget.obj
G:\finally\finally\Debug\moc_MyTitleBar.obj
G:\finally\finally\Debug\moc_MyTreeWidget.obj
G:\finally\finally\Debug\moc_MyWizard.obj
G:\finally\finally\Debug\moc_title_bar.obj
G:\finally\finally\Debug\moc_XColorDialog.obj
G:\finally\finally\Debug\moc_XColorMaster.obj
G:\finally\finally\Debug\moc_XColorPreview.obj
G:\finally\finally\Debug\moc_XColorSquare.obj
G:\finally\finally\Debug\moc_XGradientSlider.obj
G:\finally\finally\Debug\myclass.obj
G:\finally\finally\Debug\MyGLWidget.obj
G:\finally\finally\Debug\MyPolygonUtil.obj
G:\finally\finally\Debug\MyTitleBar.obj
G:\finally\finally\Debug\MyTreeWidget.obj
G:\finally\finally\Debug\MyWizard.obj
G:\finally\finally\Debug\MyXMLReader.obj
G:\finally\finally\Debug\qrc_myclass.obj
G:\finally\finally\Debug\qrc_style.obj
G:\finally\finally\Debug\QssUtil.obj
G:\finally\finally\Debug\title_bar.obj
G:\finally\finally\Debug\TriangulateUtil.obj
G:\finally\finally\Debug\XColorDialog.obj
G:\finally\finally\Debug\XColorMaster.obj
G:\finally\finally\Debug\XColorPreview.obj
G:\finally\finally\Debug\XColorSquare.obj
G:\finally\finally\Debug\XGradientSlider.obj
G:\finally\finally\Debug\cl.command.1.tlog
G:\finally\finally\Debug\CL.read.1.tlog
G:\finally\finally\Debug\CL.write.1.tlog
G:\finally\finally\Debug\custombuild.command.1.tlog
G:\finally\finally\Debug\custombuild.read.1.tlog
G:\finally\finally\Debug\custombuild.write.1.tlog
G:\finally\finally\Debug\finally.write.1.tlog
G:\finally\finally\Debug\link-cvtres.read.1.tlog
G:\finally\finally\Debug\link-cvtres.write.1.tlog
G:\finally\finally\Debug\link-rc.read.1.tlog
G:\finally\finally\Debug\link-rc.write.1.tlog
G:\finally\finally\Debug\link.10188-cvtres.read.1.tlog
G:\finally\finally\Debug\link.10188-cvtres.write.1.tlog
G:\finally\finally\Debug\link.10188-rc.read.1.tlog
G:\finally\finally\Debug\link.10188-rc.write.1.tlog
G:\finally\finally\Debug\link.10188.read.1.tlog
G:\finally\finally\Debug\link.10188.write.1.tlog
G:\finally\finally\Debug\link.1084-cvtres.read.1.tlog
G:\finally\finally\Debug\link.1084-cvtres.write.1.tlog
G:\finally\finally\Debug\link.1084-rc.read.1.tlog
G:\finally\finally\Debug\link.1084-rc.write.1.tlog
G:\finally\finally\Debug\link.1084.read.1.tlog
G:\finally\finally\Debug\link.1084.write.1.tlog
G:\finally\finally\Debug\link.12080-cvtres.read.1.tlog
G:\finally\finally\Debug\link.12080-cvtres.write.1.tlog
G:\finally\finally\Debug\link.12080-rc.read.1.tlog
G:\finally\finally\Debug\link.12080-rc.write.1.tlog
G:\finally\finally\Debug\link.12080.read.1.tlog
G:\finally\finally\Debug\link.12080.write.1.tlog
G:\finally\finally\Debug\link.14624-cvtres.read.1.tlog
G:\finally\finally\Debug\link.14624-cvtres.write.1.tlog
G:\finally\finally\Debug\link.14624-rc.read.1.tlog
G:\finally\finally\Debug\link.14624-rc.write.1.tlog
G:\finally\finally\Debug\link.14624.read.1.tlog
G:\finally\finally\Debug\link.14624.write.1.tlog
G:\finally\finally\Debug\link.1668-cvtres.read.1.tlog
G:\finally\finally\Debug\link.1668-cvtres.write.1.tlog
G:\finally\finally\Debug\link.1668-rc.read.1.tlog
G:\finally\finally\Debug\link.1668-rc.write.1.tlog
G:\finally\finally\Debug\link.1668.read.1.tlog
G:\finally\finally\Debug\link.1668.write.1.tlog
G:\finally\finally\Debug\link.17208-cvtres.read.1.tlog
G:\finally\finally\Debug\link.17208-cvtres.write.1.tlog
G:\finally\finally\Debug\link.17208-rc.read.1.tlog
G:\finally\finally\Debug\link.17208-rc.write.1.tlog
G:\finally\finally\Debug\link.17208.read.1.tlog
G:\finally\finally\Debug\link.17208.write.1.tlog
G:\finally\finally\Debug\link.17340-cvtres.read.1.tlog
G:\finally\finally\Debug\link.17340-cvtres.write.1.tlog
G:\finally\finally\Debug\link.17340-rc.read.1.tlog
G:\finally\finally\Debug\link.17340-rc.write.1.tlog
G:\finally\finally\Debug\link.17340.read.1.tlog
G:\finally\finally\Debug\link.17340.write.1.tlog
G:\finally\finally\Debug\link.17896-cvtres.read.1.tlog
G:\finally\finally\Debug\link.17896-cvtres.write.1.tlog
G:\finally\finally\Debug\link.17896-rc.read.1.tlog
G:\finally\finally\Debug\link.17896-rc.write.1.tlog
G:\finally\finally\Debug\link.17896.read.1.tlog
G:\finally\finally\Debug\link.17896.write.1.tlog
G:\finally\finally\Debug\link.18592-cvtres.read.1.tlog
G:\finally\finally\Debug\link.18592-cvtres.write.1.tlog
G:\finally\finally\Debug\link.18592-rc.read.1.tlog
G:\finally\finally\Debug\link.18592-rc.write.1.tlog
G:\finally\finally\Debug\link.18592.read.1.tlog
G:\finally\finally\Debug\link.18592.write.1.tlog
G:\finally\finally\Debug\link.19184-cvtres.read.1.tlog
G:\finally\finally\Debug\link.19184-cvtres.write.1.tlog
G:\finally\finally\Debug\link.19184-rc.read.1.tlog
G:\finally\finally\Debug\link.19184-rc.write.1.tlog
G:\finally\finally\Debug\link.19184.read.1.tlog
G:\finally\finally\Debug\link.19184.write.1.tlog
G:\finally\finally\Debug\link.19988-cvtres.read.1.tlog
G:\finally\finally\Debug\link.19988-cvtres.write.1.tlog
G:\finally\finally\Debug\link.19988-rc.read.1.tlog
G:\finally\finally\Debug\link.19988-rc.write.1.tlog
G:\finally\finally\Debug\link.19988.read.1.tlog
G:\finally\finally\Debug\link.19988.write.1.tlog
G:\finally\finally\Debug\link.22892-cvtres.read.1.tlog
G:\finally\finally\Debug\link.22892-cvtres.write.1.tlog
G:\finally\finally\Debug\link.22892-rc.read.1.tlog
G:\finally\finally\Debug\link.22892-rc.write.1.tlog
G:\finally\finally\Debug\link.22892.read.1.tlog
G:\finally\finally\Debug\link.22892.write.1.tlog
G:\finally\finally\Debug\link.23624-cvtres.read.1.tlog
G:\finally\finally\Debug\link.23624-cvtres.write.1.tlog
G:\finally\finally\Debug\link.23624-rc.read.1.tlog
G:\finally\finally\Debug\link.23624-rc.write.1.tlog
G:\finally\finally\Debug\link.23624.read.1.tlog
G:\finally\finally\Debug\link.23624.write.1.tlog
G:\finally\finally\Debug\link.23628-cvtres.read.1.tlog
G:\finally\finally\Debug\link.23628-cvtres.write.1.tlog
G:\finally\finally\Debug\link.23628-rc.read.1.tlog
G:\finally\finally\Debug\link.23628-rc.write.1.tlog
G:\finally\finally\Debug\link.23628.read.1.tlog
G:\finally\finally\Debug\link.23628.write.1.tlog
G:\finally\finally\Debug\link.2512-cvtres.read.1.tlog
G:\finally\finally\Debug\link.2512-cvtres.write.1.tlog
G:\finally\finally\Debug\link.2512-rc.read.1.tlog
G:\finally\finally\Debug\link.2512-rc.write.1.tlog
G:\finally\finally\Debug\link.2512.read.1.tlog
G:\finally\finally\Debug\link.2512.write.1.tlog
G:\finally\finally\Debug\link.25376-cvtres.read.1.tlog
G:\finally\finally\Debug\link.25376-cvtres.write.1.tlog
G:\finally\finally\Debug\link.25376-rc.read.1.tlog
G:\finally\finally\Debug\link.25376-rc.write.1.tlog
G:\finally\finally\Debug\link.25376.read.1.tlog
G:\finally\finally\Debug\link.25376.write.1.tlog
G:\finally\finally\Debug\link.25788-cvtres.read.1.tlog
G:\finally\finally\Debug\link.25788-cvtres.write.1.tlog
G:\finally\finally\Debug\link.25788-rc.read.1.tlog
G:\finally\finally\Debug\link.25788-rc.write.1.tlog
G:\finally\finally\Debug\link.25788.read.1.tlog
G:\finally\finally\Debug\link.25788.write.1.tlog
G:\finally\finally\Debug\link.25964-cvtres.read.1.tlog
G:\finally\finally\Debug\link.25964-cvtres.write.1.tlog
G:\finally\finally\Debug\link.25964-rc.read.1.tlog
G:\finally\finally\Debug\link.25964-rc.write.1.tlog
G:\finally\finally\Debug\link.25964.read.1.tlog
G:\finally\finally\Debug\link.25964.write.1.tlog
G:\finally\finally\Debug\link.25996-cvtres.read.1.tlog
G:\finally\finally\Debug\link.25996-cvtres.write.1.tlog
G:\finally\finally\Debug\link.25996-rc.read.1.tlog
G:\finally\finally\Debug\link.25996-rc.write.1.tlog
G:\finally\finally\Debug\link.25996.read.1.tlog
G:\finally\finally\Debug\link.25996.write.1.tlog
G:\finally\finally\Debug\link.27540-cvtres.read.1.tlog
G:\finally\finally\Debug\link.27540-cvtres.write.1.tlog
G:\finally\finally\Debug\link.27540-rc.read.1.tlog
G:\finally\finally\Debug\link.27540-rc.write.1.tlog
G:\finally\finally\Debug\link.27540.read.1.tlog
G:\finally\finally\Debug\link.27540.write.1.tlog
G:\finally\finally\Debug\link.4536-cvtres.read.1.tlog
G:\finally\finally\Debug\link.4536-cvtres.write.1.tlog
G:\finally\finally\Debug\link.4536-rc.read.1.tlog
G:\finally\finally\Debug\link.4536-rc.write.1.tlog
G:\finally\finally\Debug\link.4536.read.1.tlog
G:\finally\finally\Debug\link.4536.write.1.tlog
G:\finally\finally\Debug\link.5280-cvtres.read.1.tlog
G:\finally\finally\Debug\link.5280-cvtres.write.1.tlog
G:\finally\finally\Debug\link.5280-rc.read.1.tlog
G:\finally\finally\Debug\link.5280-rc.write.1.tlog
G:\finally\finally\Debug\link.5280.read.1.tlog
G:\finally\finally\Debug\link.5280.write.1.tlog
G:\finally\finally\Debug\link.6152-cvtres.read.1.tlog
G:\finally\finally\Debug\link.6152-cvtres.write.1.tlog
G:\finally\finally\Debug\link.6152-rc.read.1.tlog
G:\finally\finally\Debug\link.6152-rc.write.1.tlog
G:\finally\finally\Debug\link.6152.read.1.tlog
G:\finally\finally\Debug\link.6152.write.1.tlog
G:\finally\finally\Debug\link.8544-cvtres.read.1.tlog
G:\finally\finally\Debug\link.8544-cvtres.write.1.tlog
G:\finally\finally\Debug\link.8544-rc.read.1.tlog
G:\finally\finally\Debug\link.8544-rc.write.1.tlog
G:\finally\finally\Debug\link.8544.read.1.tlog
G:\finally\finally\Debug\link.8544.write.1.tlog
G:\finally\finally\Debug\link.8716-cvtres.read.1.tlog
G:\finally\finally\Debug\link.8716-cvtres.write.1.tlog
G:\finally\finally\Debug\link.8716-rc.read.1.tlog
G:\finally\finally\Debug\link.8716-rc.write.1.tlog
G:\finally\finally\Debug\link.8716.read.1.tlog
G:\finally\finally\Debug\link.8716.write.1.tlog
G:\finally\finally\Debug\link.command.1.tlog
G:\finally\finally\Debug\link.read.1.tlog
G:\finally\finally\Debug\link.write.1.tlog
G:\finally\finally\Debug\rc.command.1.tlog
G:\finally\finally\Debug\rc.read.1.tlog
G:\finally\finally\Debug\rc.write.1.tlog
G:\finally\finally\Debug\finally.res
G:\finally\Win32\Debug\finally.pdb
G:\finally\Win32\Debug\finally.exe
